Arguments: 
  C:\Program Files (x86)\nodejs\node.exe C:\Users\Seba.DESKTOP-HQ9GDSS\AppData\Roaming\npm\node_modules\yarn\bin\yarn.js init

PATH: 
  C:\Users\Seba.DESKTOP-HQ9GDSS\bin;C:\Program Files\Git\mingw64\bin;C:\Program Files\Git\usr\local\bin;C:\Program Files\Git\usr\bin;C:\Program Files\Git\usr\bin;C:\Program Files\Git\mingw64\bin;C:\Program Files\Git\usr\bin;C:\Users\Seba.DESKTOP-HQ9GDSS\bin;C:\Program Files (x86)\Intel\iCLS Client;C:\Program Files\Intel\iCLS Client;C:\WINDOWS\system32;C:\WINDOWS;C:\WINDOWS\System32\Wbem;C:\WINDOWS\System32\WindowsPowerShell\v1.0;C:\WINDOWS\System32\OpenSSH;C:\Program Files\NVIDIA Corporation\NVIDIA NvDLISR;C:\Program Files (x86)\NVIDIA Corporation\PhysX\Common;C:\WINDOWS\system32;C:\WINDOWS;C:\WINDOWS\System32\Wbem;C:\WINDOWS\System32\WindowsPowerShell\v1.0;C:\WINDOWS\System32\OpenSSH;C:\Program Files\Git\cmd;C:\Program Files (x86)\nodejs;C:\Users\Seba.DESKTOP-HQ9GDSS\AppData\Local\Microsoft\WindowsApps;C:\Users\Seba.DESKTOP-HQ9GDSS\AppData\Local\atom\bin;C:\Users\Seba.DESKTOP-HQ9GDSS\AppData\Roaming\npm;H:\Program Files\heroku\bin;C:\Users\Seba.DESKTOP-HQ9GDSS\AppData\Local\Programs\Microsoft VS Code\bin;C:\Users\Seba.DESKTOP-HQ9GDSS\AppData\Local\Microsoft\WindowsApps;C:\Program Files\Git\usr\bin\vendor_perl;C:\Program Files\Git\usr\bin\core_perl

Yarn version: 
  1.22.17

Node version: 
  14.17.0

Platform: 
  win32 ia32

Trace: 
  Error: Can't answer a question unless a user TTY
      at ConsoleReporter.question (C:\Users\Seba.DESKTOP-HQ9GDSS\AppData\Roaming\npm\node_modules\yarn\lib\cli.js:96935:59)
      at Object.<anonymous> (C:\Users\Seba.DESKTOP-HQ9GDSS\AppData\Roaming\npm\node_modules\yarn\lib\cli.js:89125:38)
      at Generator.next (<anonymous>)
      at step (C:\Users\Seba.DESKTOP-HQ9GDSS\AppData\Roaming\npm\node_modules\yarn\lib\cli.js:310:30)
      at C:\Users\Seba.DESKTOP-HQ9GDSS\AppData\Roaming\npm\node_modules\yarn\lib\cli.js:321:13

npm manifest: 
  No manifest

yarn manifest: 
  No manifest

Lockfile: 
  No lockfile
